<?xml version="1.0" encoding="UTF-8"?>
<!-- Generated by org.testng.reporters.JUnitReportReporter -->
<testsuite hostname="01hw840600" name="com.test.testNG1" tests="1" failures="0" timestamp="21 Mar 2017 04:37:30 GMT" time="0.000" errors="0">
  <testcase name="f" time="0.000" classname="com.test.testNG1"/>
</testsuite> <!-- com.test.testNG1 -->
